#
# A fatal error has been detected by the Java Runtime Environment:
#
#  EXCEPTION_ACCESS_VIOLATION (0xc0000005) at pc=0xffffffffa3805120, pid=4128, tid=0x00000000000016d0
#
# JRE version: Java(TM) SE Runtime Environment (8.0_102-b14) (build 1.8.0_102-b14)
# Java VM: Java HotSpot(TM) 64-Bit Server VM (25.102-b14 mixed mode windows-amd64 compressed oops)
# Problematic frame:
# C  0xffffffffa3805120
#
# Failed to write core dump. Minidumps are not enabled by default on client versions of Windows
#
# If you would like to submit a bug report, please visit:
#   http://bugreport.java.com/bugreport/crash.jsp
#

---------------  T H R E A D  ---------------

Current thread (0x00000000002ed800):  JavaThread "main" [_thread_in_Java, id=5840, stack(0x0000000002430000,0x0000000002530000)]

siginfo: ExceptionCode=0xc0000005, ExceptionInformation=0x0000000000000008 0xffffffffa3805120

Registers:
RAX=0x0000000056be4db8, RBX=0x0000000056be4db8, RCX=0x00000000d5715f08, RDX=0x00000000d5715f08
RSP=0x000000000252ccd8, RBP=0x000000000252cd80, RSI=0x0000000056e087e0, RDI=0x00000000ffffffff
R8 =0x0000000000000029, R9 =0x0000000000000000, R10=0x0000000066edc0c0, R11=0x0000000002915720
R12=0x0000000000000000, R13=0x000000000252cd30, R14=0x000000000252cdb0, R15=0x00000000002ed800
RIP=0xffffffffa3805120, EFLAGS=0x0000000000010206

Top of Stack: (sp=0x000000000252ccd8)
0x000000000252ccd8:   00000000029157fc 0000000056c393a8
0x000000000252cce8:   0000000000000118 000000000252ccf0
0x000000000252ccf8:   0000000056c069c3 000000000252cd48
0x000000000252cd08:   000000000252cd08 000000000252cd80
0x000000000252cd18:   0000000002807ac0 0000000000000000
0x000000000252cd28:   0000000002807ac0 0000000000000029
0x000000000252cd38:   00000000d5715f08 000000000252cd40
0x000000000252cd48:   0000000056c46af4 000000000252cdb0
0x000000000252cd58:   0000000056e452e8 0000000000000000
0x000000000252cd68:   0000000056c46b50 000000000252cd30
0x000000000252cd78:   000000000252cda8 000000000252ce08
0x000000000252cd88:   0000000002807e00 0000000000000000
0x000000000252cd98:   0000000000000000 0000000000000000
0x000000000252cda8:   0000000000000000 00000000d5715f08
0x000000000252cdb8:   0000000000000001 00000000d5711e68
0x000000000252cdc8:   000000000252cdb8 0000000056c345a5 

Instructions: (pc=0xffffffffa3805120)
0xffffffffa3805100:   
[error occurred during error reporting (printing registers, top of stack, instructions near pc), id 0xc0000005]

Register to memory mapping:

RAX={method} {0x0000000056be4dc0} 'indexOf' '(I)I' in 'java/lang/String'
RBX={method} {0x0000000056be4dc0} 'indexOf' '(I)I' in 'java/lang/String'
RCX=0x00000000d5715f08 is an oop
java.lang.String 
 - klass: 'java/lang/String'
RDX=0x00000000d5715f08 is an oop
java.lang.String 
 - klass: 'java/lang/String'
RSP=0x000000000252ccd8 is pointing into the stack for thread: 0x00000000002ed800
RBP=0x000000000252cd80 is pointing into the stack for thread: 0x00000000002ed800
RSI=0x0000000056e087e0 is pointing into metadata
RDI=0x00000000ffffffff is an unallocated location in the heap
R8 =0x0000000000000029 is an unknown value
R9 =0x0000000000000000 is an unknown value
R10=0x0000000066edc0c0 is an unknown value
R11=0x0000000002915720 is at entry_point+32 in (nmethod*)0x0000000002915590
R12=0x0000000000000000 is an unknown value
R13=0x000000000252cd30 is pointing into the stack for thread: 0x00000000002ed800
R14=0x000000000252cdb0 is pointing into the stack for thread: 0x00000000002ed800
R15=0x00000000002ed800 is a thread


Stack: [0x0000000002430000,0x0000000002530000],  sp=0x000000000252ccd8,  free space=1011k
Native frames: (J=compiled Java code, j=interpreted, Vv=VM code, C=native code)
C  0xffffffffa3805120


---------------  P R O C E S S  ---------------

Java Threads: ( => current thread )
  0x0000000058e4c000 JavaThread "Service Thread" daemon [_thread_blocked, id=4368, stack(0x00000000593f0000,0x00000000594f0000)]
  0x0000000058dc4800 JavaThread "C1 CompilerThread2" daemon [_thread_blocked, id=4928, stack(0x0000000059520000,0x0000000059620000)]
  0x00000000575de000 JavaThread "C2 CompilerThread1" daemon [_thread_blocked, id=2588, stack(0x0000000059240000,0x0000000059340000)]
  0x00000000575d5000 JavaThread "C2 CompilerThread0" daemon [_thread_blocked, id=2028, stack(0x0000000058cc0000,0x0000000058dc0000)]
  0x00000000575d3800 JavaThread "Attach Listener" daemon [_thread_blocked, id=5684, stack(0x0000000058670000,0x0000000058770000)]
  0x00000000575d0800 JavaThread "Signal Dispatcher" daemon [_thread_blocked, id=5784, stack(0x0000000058b50000,0x0000000058c50000)]
  0x00000000575b8800 JavaThread "Finalizer" daemon [_thread_blocked, id=5536, stack(0x0000000058a10000,0x0000000058b10000)]
  0x0000000057571800 JavaThread "Reference Handler" daemon [_thread_blocked, id=2868, stack(0x0000000058910000,0x0000000058a10000)]
=>0x00000000002ed800 JavaThread "main" [_thread_in_Java, id=5840, stack(0x0000000002430000,0x0000000002530000)]

Other Threads:
  0x000000005756a000 VMThread [stack: 0x00000000587a0000,0x00000000588a0000] [id=6236]
  0x0000000058e54800 WatcherThread [stack: 0x00000000596f0000,0x00000000597f0000] [id=1240]

VM state:not at safepoint (normal execution)

VM Mutex/Monitor currently owned by a thread: None

Heap:
 PSYoungGen      total 38400K, used 1998K [0x00000000d5580000, 0x00000000d8000000, 0x0000000100000000)
  eden space 33280K, 6% used [0x00000000d5580000,0x00000000d5773a88,0x00000000d7600000)
  from space 5120K, 0% used [0x00000000d7b00000,0x00000000d7b00000,0x00000000d8000000)
  to   space 5120K, 0% used [0x00000000d7600000,0x00000000d7600000,0x00000000d7b00000)
 ParOldGen       total 87552K, used 0K [0x0000000080000000, 0x0000000085580000, 0x00000000d5580000)
  object space 87552K, 0% used [0x0000000080000000,0x0000000080000000,0x0000000085580000)
 Metaspace       used 3293K, capacity 4634K, committed 4864K, reserved 1056768K
  class space    used 377K, capacity 441K, committed 512K, reserved 1048576K

Card table byte_map: [0x0000000011bc0000,0x0000000011fd0000] byte_map_base: 0x00000000117c0000

Marking Bits: (ParMarkBitMap*) 0x0000000066efa6c0
 Begin Bits: [0x00000000127e0000, 0x00000000147e0000)
 End Bits:   [0x00000000147e0000, 0x00000000167e0000)

Polling page: 0x0000000000340000

CodeCache: size=245760Kb used=1225Kb max_used=1225Kb free=244534Kb
 bounds [0x0000000002800000, 0x0000000002a70000, 0x0000000011800000]
 total_blobs=348 nmethods=97 adapters=166
 compilation: enabled

Compilation events (10 events):
Event: 0.141 Thread 0x0000000058dc4800   91       3       java.util.concurrent.ConcurrentHashMap::setTabAt (19 bytes)
Event: 0.142 Thread 0x0000000058dc4800 nmethod 91 0x000000000292e290 code [0x000000000292e3e0, 0x000000000292e550]
Event: 0.142 Thread 0x0000000058dc4800   90       3       java.lang.invoke.MemberName::testAnyFlags (15 bytes)
Event: 0.142 Thread 0x0000000058dc4800 nmethod 90 0x000000000292e5d0 code [0x000000000292e740, 0x000000000292e9b0]
Event: 0.142 Thread 0x0000000058dc4800   93       3       java.util.Objects::requireNonNull (14 bytes)
Event: 0.142 Thread 0x0000000058dc4800 nmethod 93 0x000000000292ea50 code [0x000000000292ebc0, 0x000000000292ede8]
Event: 0.143 Thread 0x0000000058dc4800   94       1       java.util.ArrayList::access$100 (5 bytes)
Event: 0.143 Thread 0x0000000058dc4800 nmethod 94 0x000000000292eed0 code [0x000000000292f020, 0x000000000292f110]
Event: 0.143 Thread 0x0000000058dc4800   95   !   3       java.util.concurrent.ConcurrentHashMap::putVal (362 bytes)
Event: 0.144 Thread 0x00000000575de000 nmethod 92 0x0000000002931f10 code [0x0000000002932060, 0x00000000029321f8]

GC Heap History (0 events):
No events

Deoptimization events (0 events):
No events

Internal exceptions (7 events):
Event: 0.035 Thread 0x00000000002ed800 Exception <a 'java/lang/NoSuchMethodError': Method sun.misc.Unsafe.defineClass(Ljava/lang/String;[BII)Ljava/lang/Class; name or signature does not match> (0x00000000d5587c78) thrown at [C:\re\workspace\8-2-build-windows-amd64-cygwin\jdk8u102\7268\hotspot\st@_#ß¢?
Event: 0.035 Thread 0x00000000002ed800 Exception <a 'java/lang/NoSuchMethodError': Method sun.misc.Unsafe.prefetchRead(Ljava/lang/Object;J)V name or signature does not match> (0x00000000d5587f60) thrown at [C:\re\workspace\8-2-build-windows-amd64-cygwin\jdk8u102\7268\hotspot\src\share\vm\prims\¸”<¶?
Event: 0.086 Thread 0x00000000002ed800 Exception <a 'java/io/FileNotFoundException'> (0x00000000d55d8e60) thrown at [C:\re\workspace\8-2-build-windows-amd64-cygwin\jdk8u102\7268\hotspot\src\share\vm\prims\jni.cpp, line 709]
Event: 0.112 Thread 0x00000000002ed800 Exception <a 'java/security/PrivilegedActionException'> (0x00000000d561c8a8) thrown at [C:\re\workspace\8-2-build-windows-amd64-cygwin\jdk8u102\7268\hotspot\src\share\vm\prims\jvm.cpp, line 1386]
Event: 0.112 Thread 0x00000000002ed800 Exception <a 'java/security/PrivilegedActionException'> (0x00000000d561cca0) thrown at [C:\re\workspace\8-2-build-windows-amd64-cygwin\jdk8u102\7268\hotspot\src\share\vm\prims\jvm.cpp, line 1386]
Event: 0.112 Thread 0x00000000002ed800 Exception <a 'java/security/PrivilegedActionException'> (0x00000000d5620ad0) thrown at [C:\re\workspace\8-2-build-windows-amd64-cygwin\jdk8u102\7268\hotspot\src\share\vm\prims\jvm.cpp, line 1386]
Event: 0.112 Thread 0x00000000002ed800 Exception <a 'java/security/PrivilegedActionException'> (0x00000000d5620ec8) thrown at [C:\re\workspace\8-2-build-windows-amd64-cygwin\jdk8u102\7268\hotspot\src\share\vm\prims\jvm.cpp, line 1386]

Events (10 events):
Event: 0.136 loading class java/lang/invoke/DirectMethodHandle$Accessor
Event: 0.136 loading class java/lang/invoke/DirectMethodHandle$Accessor done
Event: 0.139 loading class java/util/RandomAccessSubList
Event: 0.139 loading class java/util/SubList
Event: 0.139 loading class java/util/SubList done
Event: 0.139 loading class java/util/RandomAccessSubList done
Event: 0.139 loading class java/util/SubList$1
Event: 0.139 loading class java/util/SubList$1 done
Event: 0.139 loading class java/util/AbstractList$ListItr
Event: 0.140 loading class java/util/AbstractList$ListItr done


Dynamic libraries:
0x000000013fbf0000 - 0x000000013fc27000 	C:\Program Files\Java\jre1.8.0_102\bin\javaw.exe
0x0000000076e40000 - 0x0000000076fea000 	C:\Windows\SYSTEM32\ntdll.dll
0x0000000076c20000 - 0x0000000076d3f000 	C:\Windows\system32\kernel32.dll
0x000007fefce70000 - 0x000007fefceda000 	C:\Windows\system32\KERNELBASE.dll
0x000007feff070000 - 0x000007feff14b000 	C:\Windows\system32\ADVAPI32.dll
0x000007fefd8c0000 - 0x000007fefd95f000 	C:\Windows\system32\msvcrt.dll
0x000007fefd8a0000 - 0x000007fefd8bf000 	C:\Windows\SYSTEM32\sechost.dll
0x000007fefd690000 - 0x000007fefd7bd000 	C:\Windows\system32\RPCRT4.dll
0x0000000076d40000 - 0x0000000076e3a000 	C:\Windows\system32\USER32.dll
0x000007feff000000 - 0x000007feff067000 	C:\Windows\system32\GDI32.dll
0x000007fefd0e0000 - 0x000007fefd0ee000 	C:\Windows\system32\LPK.dll
0x000007fefd100000 - 0x000007fefd1ca000 	C:\Windows\system32\USP10.dll
0x000007fefb330000 - 0x000007fefb524000 	C:\Windows\WinSxS\amd64_microsoft.windows.common-controls_6595b64144ccf1df_6.0.7601.18837_none_fa3b1e3d17594757\COMCTL32.dll
0x000007fefdc10000 - 0x000007fefdc81000 	C:\Windows\system32\SHLWAPI.dll
0x000007fefcf50000 - 0x000007fefcf7e000 	C:\Windows\system32\IMM32.DLL
0x000007fefcfd0000 - 0x000007fefd0d9000 	C:\Windows\system32\MSCTF.dll
0x000000006f760000 - 0x000000006f831000 	C:\Program Files\Java\jre1.8.0_102\bin\msvcr100.dll
0x00000000666e0000 - 0x0000000066f7a000 	C:\Program Files\Java\jre1.8.0_102\bin\server\jvm.dll
0x000007feeeba0000 - 0x000007feeeba9000 	C:\Windows\system32\WSOCK32.dll
0x000007fefcf80000 - 0x000007fefcfcd000 	C:\Windows\system32\WS2_32.dll
0x000007fefd0f0000 - 0x000007fefd0f8000 	C:\Windows\system32\NSI.dll
0x000007fefa3f0000 - 0x000007fefa42b000 	C:\Windows\system32\WINMM.dll
0x000007fefbc40000 - 0x000007fefbc4c000 	C:\Windows\system32\VERSION.dll
0x0000000077000000 - 0x0000000077007000 	C:\Windows\system32\PSAPI.DLL
0x0000000074510000 - 0x000000007451f000 	C:\Program Files\Java\jre1.8.0_102\bin\verify.dll
0x0000000074260000 - 0x0000000074289000 	C:\Program Files\Java\jre1.8.0_102\bin\java.dll
0x00000000720e0000 - 0x00000000720f6000 	C:\Program Files\Java\jre1.8.0_102\bin\zip.dll
0x000007fefe270000 - 0x000007fefeff9000 	C:\Windows\system32\SHELL32.dll
0x000007fefda00000 - 0x000007fefdc03000 	C:\Windows\system32\ole32.dll
0x000007fefcb70000 - 0x000007fefcb7f000 	C:\Windows\system32\profapi.dll
0x00000000720c0000 - 0x00000000720da000 	C:\Program Files\Java\jre1.8.0_102\bin\net.dll
0x000007fefc350000 - 0x000007fefc3a5000 	C:\Windows\system32\mswsock.dll
0x000007fefc340000 - 0x000007fefc347000 	C:\Windows\System32\wship6.dll
0x00000000720a0000 - 0x00000000720b1000 	C:\Program Files\Java\jre1.8.0_102\bin\nio.dll
0x000007fefbd10000 - 0x000007fefbd17000 	C:\Windows\System32\wshtcpip.dll
0x000007fef7740000 - 0x000007fef7865000 	C:\Windows\system32\dbghelp.dll

VM Arguments:
jvm_args: -Dfile.encoding=Cp1252 
java_command: wlbe.WLBE
java_class_path (initial): C:\Users\Matt\git\WearableLearningII\src\WearableLearningBackend\bin
Launcher Type: SUN_STANDARD

Environment Variables:
JAVA_HOME=C:\Program Files\Java\jdk1.8.0_102\bin
PATH=C:/Program Files/Java/jre1.8.0_102/bin/server;C:/Program Files/Java/jre1.8.0_102/bin;C:/Program Files/Java/jre1.8.0_102/lib/amd64;C:\ProgramData\Oracle\Java\javapath;C:\Program Files (x86)\NVIDIA Corporation\PhysX\Common;C:\Windows\system32;C:\Windows;C:\Windows\System32\Wbem;C:\Windows\System32\WindowsPowerShell\v1.0\;C:\Program Files (x86)\Windows Kits\8.1\Windows Performance Toolkit\;C:\Users\Matt\AppData\Roaming\Microsoft\Windows\Start Menu\Programs\Eclipse;
USERNAME=Matt
OS=Windows_NT
PROCESSOR_IDENTIFIER=Intel64 Family 6 Model 15 Stepping 11, GenuineIntel



---------------  S Y S T E M  ---------------

OS: Windows 7 , 64 bit Build 7601 (6.1.7601.23543)

CPU:total 4 (4 cores per cpu, 1 threads per core) family 6 model 15 stepping 11, cmov, cx8, fxsr, mmx, sse, sse2, sse3, ssse3, tsc

Memory: 4k page, physical 8387112k(2590240k free), swap 16772364k(8337676k free)

vm_info: Java HotSpot(TM) 64-Bit Server VM (25.102-b14) for windows-amd64 JRE (1.8.0_102-b14), built on Jun 22 2016 13:15:21 by "java_re" with MS VC++ 10.0 (VS2010)

time: Wed Nov 16 23:00:57 2016
elapsed time: 0 seconds (0d 0h 0m 0s)

