#
# A fatal error has been detected by the Java Runtime Environment:
#
#  EXCEPTION_ACCESS_VIOLATION (0xc0000005) at pc=0xffffffffa35e5120, pid=3944, tid=0x00000000000016d8
#
# JRE version: Java(TM) SE Runtime Environment (8.0_102-b14) (build 1.8.0_102-b14)
# Java VM: Java HotSpot(TM) 64-Bit Server VM (25.102-b14 mixed mode windows-amd64 compressed oops)
# Problematic frame:
# C  0xffffffffa35e5120
#
# Failed to write core dump. Minidumps are not enabled by default on client versions of Windows
#
# If you would like to submit a bug report, please visit:
#   http://bugreport.java.com/bugreport/crash.jsp
#

---------------  T H R E A D  ---------------

Current thread (0x000000005a284800):  JavaThread "Thread-10" [_thread_in_Java, id=5848, stack(0x000000005b260000,0x000000005b360000)]

siginfo: ExceptionCode=0xc0000005, ExceptionInformation=0x0000000000000008 0xffffffffa35e5120

Registers:
RAX=0x0000000056d43cf0, RBX=0x0000000056d43cf0, RCX=0x00000000d6770c00, RDX=0x00000000d6770c00
RSP=0x000000005b35f5c8, RBP=0x000000005b35f638, RSI=0x00000000d6770c30, RDI=0x0000000000000072
R8 =0x0000000000000b1c, R9 =0x0000000000000000, R10=0x000000006586c0c0, R11=0x0000000002850e80
R12=0x0000000000000000, R13=0x000000005b35f5e0, R14=0x00000000573dce38, R15=0x000000005a284800
RIP=0xffffffffa35e5120, EFLAGS=0x0000000000010202

Top of Stack: (sp=0x000000005b35f5c8)
0x000000005b35f5c8:   00000000025e8111 000000005b35f638
0x000000005b35f5d8:   00000000025e8111 0000000000000000
0x000000005b35f5e8:   0000000000000b1c 00000000d6770c00
0x000000005b35f5f8:   000000005b35f5f8 0000000056d47b4e
0x000000005b35f608:   000000005b35f658 0000000056d4c100
0x000000005b35f618:   00000000573dce38 0000000056d47b60
0x000000005b35f628:   000000005b35f5e0 000000005b35f648
0x000000005b35f638:   000000005b35f6a0 00000000025e8111
0x000000005b35f648:   0000000000000043 0000000000000b1c
0x000000005b35f658:   00000000d6770c00 000000005b35f660
0x000000005b35f668:   0000000056d47c8f 000000005b35f6c8
0x000000005b35f678:   0000000056d4c100 00000000573dcc70
0x000000005b35f688:   0000000056d47ca0 000000005b35f648
0x000000005b35f698:   000000005b35f6b0 000000005b35f710
0x000000005b35f6a8:   00000000025e8111 0000000000000001
0x000000005b35f6b8:   0000000000000043 0000000000000b1c 

Instructions: (pc=0xffffffffa35e5120)
0xffffffffa35e5100:   
[error occurred during error reporting (printing registers, top of stack, instructions near pc), id 0xc0000005]

Register to memory mapping:

RAX={method} {0x0000000056d43cf8} '_put' '(IB)V' in 'java/nio/HeapByteBuffer'
RBX={method} {0x0000000056d43cf8} '_put' '(IB)V' in 'java/nio/HeapByteBuffer'
RCX=0x00000000d6770c00 is an oop
java.nio.HeapByteBuffer 
 - klass: 'java/nio/HeapByteBuffer'
RDX=0x00000000d6770c00 is an oop
java.nio.HeapByteBuffer 
 - klass: 'java/nio/HeapByteBuffer'
RSP=0x000000005b35f5c8 is pointing into the stack for thread: 0x000000005a284800
RBP=0x000000005b35f638 is pointing into the stack for thread: 0x000000005a284800
RSI=0x00000000d6770c30 is an oop
[B 
 - klass: {type array byte}
 - length: 65536
RDI=0x0000000000000072 is an unknown value
R8 =0x0000000000000b1c is an unknown value
R9 =0x0000000000000000 is an unknown value
R10=0x000000006586c0c0 is an unknown value
R11=0x0000000002850e80 is at entry_point+32 in (nmethod*)0x0000000002850d10
R12=0x0000000000000000 is an unknown value
R13=0x000000005b35f5e0 is pointing into the stack for thread: 0x000000005a284800
R14=0x00000000573dce38 is pointing into metadata
R15=0x000000005a284800 is a thread


Stack: [0x000000005b260000,0x000000005b360000],  sp=0x000000005b35f5c8,  free space=1021k
Native frames: (J=compiled Java code, j=interpreted, Vv=VM code, C=native code)
C  0xffffffffa35e5120


---------------  P R O C E S S  ---------------

Java Threads: ( => current thread )
  0x000000005a279800 JavaThread "Thread-15" daemon [_thread_blocked, id=6628, stack(0x000000005b860000,0x000000005b960000)]
  0x000000005a276800 JavaThread "Thread-14" [_thread_blocked, id=3772, stack(0x000000005b650000,0x000000005b750000)]
  0x000000005a294000 JavaThread "Thread-13" [_thread_blocked, id=1044, stack(0x000000005b3b0000,0x000000005b4b0000)]
=>0x000000005a284800 JavaThread "Thread-10" [_thread_in_Java, id=5848, stack(0x000000005b260000,0x000000005b360000)]
  0x000000005a10d800 JavaThread "Thread-8" [_thread_blocked, id=5912, stack(0x000000005ac00000,0x000000005ad00000)]
  0x000000005a054800 JavaThread "Abandoned connection cleanup thread" daemon [_thread_blocked, id=1472, stack(0x000000005b0a0000,0x000000005b1a0000)]
  0x000000005a034000 JavaThread "Thread-5" daemon [_thread_in_native, id=5812, stack(0x000000005af00000,0x000000005b000000)]
  0x000000005a032800 JavaThread "Thread-4" daemon [_thread_in_native, id=4740, stack(0x000000005ad00000,0x000000005ae00000)]
  0x000000005907f800 JavaThread "Thread-3" daemon [_thread_in_native, id=6076, stack(0x0000000059800000,0x0000000059900000)]
  0x000000005907e800 JavaThread "Thread-2" daemon [_thread_in_native, id=1228, stack(0x000000005aa40000,0x000000005ab40000)]
  0x000000005907e000 JavaThread "Thread-1" daemon [_thread_in_native, id=5336, stack(0x000000005a840000,0x000000005a940000)]
  0x0000000058d2c800 JavaThread "Service Thread" daemon [_thread_blocked, id=6448, stack(0x0000000059dd0000,0x0000000059ed0000)]
  0x0000000058ca7800 JavaThread "C1 CompilerThread2" daemon [_thread_blocked, id=4004, stack(0x0000000059230000,0x0000000059330000)]
  0x0000000058ca5000 JavaThread "C2 CompilerThread1" daemon [_thread_blocked, id=6616, stack(0x0000000059cb0000,0x0000000059db0000)]
  0x0000000058ca1000 JavaThread "C2 CompilerThread0" daemon [_thread_blocked, id=5996, stack(0x0000000059b30000,0x0000000059c30000)]
  0x0000000058c94800 JavaThread "JDWP Command Reader" daemon [_thread_in_native, id=3976, stack(0x0000000059950000,0x0000000059a50000)]
  0x0000000058c8f800 JavaThread "JDWP Event Helper Thread" daemon [_thread_blocked, id=3596, stack(0x0000000059700000,0x0000000059800000)]
  0x0000000058c86800 JavaThread "JDWP Transport Listener: dt_socket" daemon [_thread_blocked, id=5396, stack(0x0000000059430000,0x0000000059530000)]
  0x00000000575f8800 JavaThread "Attach Listener" daemon [_thread_blocked, id=5484, stack(0x0000000058b80000,0x0000000058c80000)]
  0x00000000575f5000 JavaThread "Signal Dispatcher" daemon [_thread_blocked, id=2856, stack(0x0000000058780000,0x0000000058880000)]
  0x00000000575da000 JavaThread "Finalizer" daemon [_thread_blocked, id=3604, stack(0x0000000058910000,0x0000000058a10000)]
  0x0000000057592800 JavaThread "Reference Handler" daemon [_thread_blocked, id=2440, stack(0x0000000058650000,0x0000000058750000)]
  0x0000000001cbf000 JavaThread "main" [_thread_blocked, id=2240, stack(0x0000000002210000,0x0000000002310000)]

Other Threads:
  0x000000005758a000 VMThread [stack: 0x00000000584e0000,0x00000000585e0000] [id=3284]
  0x0000000058d38000 WatcherThread [stack: 0x0000000059f30000,0x000000005a030000] [id=6172]

VM state:not at safepoint (normal execution)

VM Mutex/Monitor currently owned by a thread: None

Heap:
 PSYoungGen      total 38400K, used 18888K [0x00000000d5580000, 0x00000000d8000000, 0x0000000100000000)
  eden space 33280K, 56% used [0x00000000d5580000,0x00000000d67f2030,0x00000000d7600000)
  from space 5120K, 0% used [0x00000000d7b00000,0x00000000d7b00000,0x00000000d8000000)
  to   space 5120K, 0% used [0x00000000d7600000,0x00000000d7600000,0x00000000d7b00000)
 ParOldGen       total 87552K, used 0K [0x0000000080000000, 0x0000000085580000, 0x00000000d5580000)
  object space 87552K, 0% used [0x0000000080000000,0x0000000080000000,0x0000000085580000)
 Metaspace       used 9032K, capacity 9218K, committed 9344K, reserved 1056768K
  class space    used 1036K, capacity 1111K, committed 1152K, reserved 1048576K

Card table byte_map: [0x00000000119a0000,0x0000000011db0000] byte_map_base: 0x00000000115a0000

Marking Bits: (ParMarkBitMap*) 0x000000006588a6c0
 Begin Bits: [0x0000000012800000, 0x0000000014800000)
 End Bits:   [0x0000000014800000, 0x0000000016800000)

Polling page: 0x0000000000230000

CodeCache: size=245760Kb used=2528Kb max_used=2528Kb free=243231Kb
 bounds [0x00000000025e0000, 0x0000000002860000, 0x00000000115e0000]
 total_blobs=1014 nmethods=638 adapters=299
 compilation: enabled

Compilation events (10 events):
Event: 27.004 Thread 0x0000000058ca7800 nmethod 626 0x00000000028510d0 code [0x00000000028513e0, 0x0000000002852b58]
Event: 27.004 Thread 0x0000000058ca7800  625       3       com.google.gson.internal.Excluder::isAnonymousOrLocal (29 bytes)
Event: 27.005 Thread 0x0000000058ca7800 nmethod 625 0x0000000002853c50 code [0x0000000002853e60, 0x00000000028549c8]
Event: 27.005 Thread 0x0000000058ca7800  630       3       java.nio.HeapByteBuffer::_put (8 bytes)
Event: 27.005 Thread 0x0000000058ca7800 nmethod 630 0x0000000002850d10 code [0x0000000002850e60, 0x0000000002850fd0]
Event: 27.005 Thread 0x0000000058ca7800  629       3       java.io.StringWriter::write (10 bytes)
Event: 27.005 Thread 0x0000000058ca7800 nmethod 629 0x0000000002854dd0 code [0x0000000002854f40, 0x0000000002855368]
Event: 27.005 Thread 0x0000000058ca7800  638       1       java.nio.HeapByteBuffer::_put (8 bytes)
Event: 27.005 Thread 0x0000000058ca7800 nmethod 638 0x00000000028554d0 code [0x0000000002855620, 0x0000000002855750]
Event: 27.005 Thread 0x0000000058ca7800  631       3       java.nio.HeapByteBuffer::ix (7 bytes)

GC Heap History (0 events):
No events

Deoptimization events (1 events):
Event: 1.142 Thread 0x0000000001cbf000 Uncommon trap: reason=unstable_if action=reinterpret pc=0x000000000278da3c method=java.lang.String.indexOf([CII[CIII)I @ 3

Internal exceptions (10 events):
Event: 26.886 Thread 0x000000005907f800 Exception <a 'java/lang/ArrayIndexOutOfBoundsException': 40> (0x00000000d654c3c0) thrown at [C:\re\workspace\8-2-build-windows-amd64-cygwin\jdk8u102\7268\hotspot\src\share\vm\interpreter\interpreterRuntime.cpp, line 366]
Event: 26.980 Thread 0x000000005a284800 Exception <a 'java/lang/ArrayIndexOutOfBoundsException'> (0x00000000d67865e8) thrown at [C:\re\workspace\8-2-build-windows-amd64-cygwin\jdk8u102\7268\hotspot\src\share\vm\runtime\sharedRuntime.cpp, line 605]
Event: 26.980 Thread 0x000000005a284800 Exception <a 'java/lang/ArrayIndexOutOfBoundsException'> (0x00000000d6787610) thrown at [C:\re\workspace\8-2-build-windows-amd64-cygwin\jdk8u102\7268\hotspot\src\share\vm\runtime\sharedRuntime.cpp, line 605]
Event: 26.980 Thread 0x000000005a284800 Exception <a 'java/lang/ArrayIndexOutOfBoundsException'> (0x00000000d67882c0) thrown at [C:\re\workspace\8-2-build-windows-amd64-cygwin\jdk8u102\7268\hotspot\src\share\vm\runtime\sharedRuntime.cpp, line 605]
Event: 26.982 Thread 0x000000005a284800 Exception <a 'java/lang/ArrayIndexOutOfBoundsException'> (0x00000000d6794848) thrown at [C:\re\workspace\8-2-build-windows-amd64-cygwin\jdk8u102\7268\hotspot\src\share\vm\runtime\sharedRuntime.cpp, line 605]
Event: 26.982 Thread 0x000000005a284800 Exception <a 'java/lang/ArrayIndexOutOfBoundsException'> (0x00000000d6797508) thrown at [C:\re\workspace\8-2-build-windows-amd64-cygwin\jdk8u102\7268\hotspot\src\share\vm\runtime\sharedRuntime.cpp, line 605]
Event: 26.996 Thread 0x000000005a284800 Exception <a 'java/lang/ArrayIndexOutOfBoundsException'> (0x00000000d67bba00) thrown at [C:\re\workspace\8-2-build-windows-amd64-cygwin\jdk8u102\7268\hotspot\src\share\vm\runtime\sharedRuntime.cpp, line 605]
Event: 26.996 Thread 0x000000005a284800 Exception <a 'java/lang/ArrayIndexOutOfBoundsException'> (0x00000000d67bcdb8) thrown at [C:\re\workspace\8-2-build-windows-amd64-cygwin\jdk8u102\7268\hotspot\src\share\vm\runtime\sharedRuntime.cpp, line 605]
Event: 26.998 Thread 0x000000005a284800 Exception <a 'java/lang/ArrayIndexOutOfBoundsException'> (0x00000000d67c6380) thrown at [C:\re\workspace\8-2-build-windows-amd64-cygwin\jdk8u102\7268\hotspot\src\share\vm\runtime\sharedRuntime.cpp, line 605]
Event: 27.001 Thread 0x000000005a284800 Exception <a 'java/lang/ArrayIndexOutOfBoundsException'> (0x00000000d67d56f0) thrown at [C:\re\workspace\8-2-build-windows-amd64-cygwin\jdk8u102\7268\hotspot\src\share\vm\runtime\sharedRuntime.cpp, line 605]

Events (10 events):
Event: 27.002 loading class java/util/concurrent/ConcurrentHashMap$MapEntry
Event: 27.002 loading class java/util/concurrent/ConcurrentHashMap$MapEntry done
Event: 27.002 loading class java/lang/Class$EnclosingMethodInfo
Event: 27.002 loading class java/lang/Class$EnclosingMethodInfo done
Event: 27.002 loading class sun/reflect/UnsafeDoubleFieldAccessorImpl
Event: 27.003 loading class sun/reflect/UnsafeDoubleFieldAccessorImpl done
Event: 27.003 loading class sun/reflect/UnsafeBooleanFieldAccessorImpl
Event: 27.003 loading class sun/reflect/UnsafeBooleanFieldAccessorImpl done
Event: 27.004 loading class sun/reflect/UnsafeQualifiedBooleanFieldAccessorImpl
Event: 27.004 loading class sun/reflect/UnsafeQualifiedBooleanFieldAccessorImpl done


Dynamic libraries:
0x000000013ffd0000 - 0x0000000140007000 	C:\Program Files\Java\jre1.8.0_102\bin\javaw.exe
0x0000000077a90000 - 0x0000000077c3a000 	C:\Windows\SYSTEM32\ntdll.dll
0x0000000077870000 - 0x000000007798f000 	C:\Windows\system32\kernel32.dll
0x000007fefda70000 - 0x000007fefdada000 	C:\Windows\system32\KERNELBASE.dll
0x000007fefe200000 - 0x000007fefe2db000 	C:\Windows\system32\ADVAPI32.dll
0x000007fefde50000 - 0x000007fefdeef000 	C:\Windows\system32\msvcrt.dll
0x000007fefeb30000 - 0x000007fefeb4f000 	C:\Windows\SYSTEM32\sechost.dll
0x000007fefed60000 - 0x000007fefee8d000 	C:\Windows\system32\RPCRT4.dll
0x0000000077990000 - 0x0000000077a8a000 	C:\Windows\system32\USER32.dll
0x000007fefe540000 - 0x000007fefe5a7000 	C:\Windows\system32\GDI32.dll
0x000007fefe1f0000 - 0x000007fefe1fe000 	C:\Windows\system32\LPK.dll
0x000007fefdef0000 - 0x000007fefdfba000 	C:\Windows\system32\USP10.dll
0x000007fefc1d0000 - 0x000007fefc3c4000 	C:\Windows\WinSxS\amd64_microsoft.windows.common-controls_6595b64144ccf1df_6.0.7601.18837_none_fa3b1e3d17594757\COMCTL32.dll
0x000007fefeb50000 - 0x000007fefebc1000 	C:\Windows\system32\SHLWAPI.dll
0x000007fefed30000 - 0x000007fefed5e000 	C:\Windows\system32\IMM32.DLL
0x000007fefebd0000 - 0x000007fefecd9000 	C:\Windows\system32\MSCTF.dll
0x000000006d0d0000 - 0x000000006d1a1000 	C:\Program Files\Java\jre1.8.0_102\bin\msvcr100.dll
0x0000000065070000 - 0x000000006590a000 	C:\Program Files\Java\jre1.8.0_102\bin\server\jvm.dll
0x000007feef880000 - 0x000007feef889000 	C:\Windows\system32\WSOCK32.dll
0x000007fefece0000 - 0x000007fefed2d000 	C:\Windows\system32\WS2_32.dll
0x000007fefe5b0000 - 0x000007fefe5b8000 	C:\Windows\system32\NSI.dll
0x000007fefb400000 - 0x000007fefb43b000 	C:\Windows\system32\WINMM.dll
0x000007fefc890000 - 0x000007fefc89c000 	C:\Windows\system32\VERSION.dll
0x0000000077c50000 - 0x0000000077c57000 	C:\Windows\system32\PSAPI.DLL
0x00000000660c0000 - 0x00000000660cf000 	C:\Program Files\Java\jre1.8.0_102\bin\verify.dll
0x0000000066090000 - 0x00000000660b9000 	C:\Program Files\Java\jre1.8.0_102\bin\java.dll
0x000000006f120000 - 0x000000006f155000 	C:\Program Files\Java\jre1.8.0_102\bin\jdwp.dll
0x0000000070a00000 - 0x0000000070a08000 	C:\Program Files\Java\jre1.8.0_102\bin\npt.dll
0x0000000066070000 - 0x0000000066086000 	C:\Program Files\Java\jre1.8.0_102\bin\zip.dll
0x000007fefee90000 - 0x000007feffc19000 	C:\Windows\system32\SHELL32.dll
0x000007fefdfe0000 - 0x000007fefe1e3000 	C:\Windows\system32\ole32.dll
0x000007fefd7c0000 - 0x000007fefd7cf000 	C:\Windows\system32\profapi.dll
0x00000000709f0000 - 0x00000000709f9000 	C:\Program Files\Java\jre1.8.0_102\bin\dt_socket.dll
0x000007fefb0c0000 - 0x000007fefb0d5000 	C:\Windows\system32\NLAapi.dll
0x000007fef7f50000 - 0x000007fef7f65000 	C:\Windows\system32\napinsp.dll
0x000007fef7f20000 - 0x000007fef7f39000 	C:\Windows\system32\pnrpnsp.dll
0x000007fefcfa0000 - 0x000007fefcff5000 	C:\Windows\System32\mswsock.dll
0x000007fefce20000 - 0x000007fefce7b000 	C:\Windows\system32\DNSAPI.dll
0x000007fef7f10000 - 0x000007fef7f1b000 	C:\Windows\System32\winrnr.dll
0x000007fefadd0000 - 0x000007fefadf7000 	C:\Windows\system32\IPHLPAPI.DLL
0x000007fefadb0000 - 0x000007fefadbb000 	C:\Windows\system32\WINNSI.DLL
0x000007fefaa10000 - 0x000007fefaa63000 	C:\Windows\System32\fwpuclnt.dll
0x000007fef6a40000 - 0x000007fef6a48000 	C:\Windows\system32\rasadhlp.dll
0x000007fefc960000 - 0x000007fefc967000 	C:\Windows\System32\wshtcpip.dll
0x0000000066050000 - 0x000000006606a000 	C:\Program Files\Java\jre1.8.0_102\bin\net.dll
0x000007fefcf90000 - 0x000007fefcf97000 	C:\Windows\System32\wship6.dll
0x0000000066030000 - 0x0000000066041000 	C:\Program Files\Java\jre1.8.0_102\bin\nio.dll
0x000007fef8150000 - 0x000007fef8275000 	C:\Windows\system32\dbghelp.dll

VM Arguments:
jvm_args: -agentlib:jdwp=transport=dt_socket,suspend=y,address=localhost:49550 -Dfile.encoding=Cp1252 
java_command: wlbe.WLBE
java_class_path (initial): C:\Users\Matt\git\WearableLearningII\src\WearableLearningBackend\bin;C:\Users\Matt\git\WearableLearningII\src\WearableLearningBackend\lib\gson-2.8.0.jar;C:\Users\Matt\git\WearableLearningII\src\WearableLearningBackend\lib\mysql-connector-java-5.1.39-bin.jar;C:\Users\Matt\git\WearableLearningII\src\WearableLearningShared\bin;C:\Users\Matt\git\WearableLearningII\src\WearableLearningFrontend\WebContent\WEB-INF\lib\gson-2.8.0.jar
Launcher Type: SUN_STANDARD

Environment Variables:
JAVA_HOME=C:\Program Files\Java\jdk1.8.0_102\bin
PATH=C:/Program Files/Java/jre1.8.0_102/bin/server;C:/Program Files/Java/jre1.8.0_102/bin;C:/Program Files/Java/jre1.8.0_102/lib/amd64;C:\ProgramData\Oracle\Java\javapath;C:\Program Files (x86)\NVIDIA Corporation\PhysX\Common;C:\Windows\system32;C:\Windows;C:\Windows\System32\Wbem;C:\Windows\System32\WindowsPowerShell\v1.0\;C:\Program Files (x86)\Windows Kits\8.1\Windows Performance Toolkit\;C:\Users\Matt\AppData\Roaming\Microsoft\Windows\Start Menu\Programs\Eclipse;
USERNAME=Matt
OS=Windows_NT
PROCESSOR_IDENTIFIER=Intel64 Family 6 Model 15 Stepping 11, GenuineIntel



---------------  S Y S T E M  ---------------

OS: Windows 7 , 64 bit Build 7601 (6.1.7601.23543)

CPU:total 4 (4 cores per cpu, 1 threads per core) family 6 model 15 stepping 11, cmov, cx8, fxsr, mmx, sse, sse2, sse3, ssse3, tsc

Memory: 4k page, physical 8387112k(3819852k free), swap 16772364k(10265916k free)

vm_info: Java HotSpot(TM) 64-Bit Server VM (25.102-b14) for windows-amd64 JRE (1.8.0_102-b14), built on Jun 22 2016 13:15:21 by "java_re" with MS VC++ 10.0 (VS2010)

time: Wed Dec 07 15:29:31 2016
elapsed time: 27 seconds (0d 0h 0m 27s)

