Starting Module Manager...
Module Manager Started...
Module LOGGER Added...
Starting Server...
Setting up Server Time...
Binded...
Waiting for incoming connections...
Server Started...
Module SERVER Added...
Module SETTINGS Added...
Module TASK_MANAGER Added...
Module EVENT_MANAGER Added...
Task Game Instance Daemon Added...
Task IODaemon Added...
Task MySQL Daemon Added...
Task Game Instance 1 Added...
Connection Accepted...
Connection Accepted...
Connection Accepted...
Connection Accepted...
Client Disconnected... Team 1 is full!
Client Disconnected...
Client Disconnected...
Client Disconnected...
Connection Accepted...
Connection Accepted...
Connection Accepted...
Connection Accepted...
Client Disconnected... Team 1 is full!
Connection Accepted...
Client Disconnected... Team 1 is full!
Connection Accepted...
Client Disconnected... Team 1 is full!
Connection Accepted...
Client Disconnected... Team 1 is full!
Client Disconnected...
Client Disconnected...
Client Disconnected...
Connection Accepted...
Connection Accepted...
Connection Accepted...
Connection Accepted...
Client Disconnected... Team 1 is full!
Client Disconnected...
Connection Accepted...
Client Disconnected...
Client Disconnected...
Client Disconnected...
Connection Accepted...
Client Disconnected...
